2025-04-20 22:47:03,251 - INFO - ===== MTProto DECRYPTION FLOW START =====
2025-04-20 22:47:03,251 - INFO - 📥 User 'jaideep' is receiving a message...
2025-04-20 22:47:03,251 - DEBUG - Encrypted blob length: 144 bytes
2025-04-20 22:47:03,251 - DEBUG - Encrypted blob (hex)  : 37729b92e701e2d5140d5f2ca72f9f7ce9d70932725b3c89cb185680ed65c3de87c26a7dd96aa83030f6254e855f6501fe9a85f4335ba1b7c74243922cb1ba0cc783a143c2b5fc542b396dfe78c13203791e237239add1ececea6760c425fdc60f658906736778517d17d25360c8a8c766434f10c350b7c7ecedced60c5fb0877e57e7a178c8e03a352ad8adfd06433e
2025-04-20 22:47:03,251 - DEBUG - Derived AES Key     : f5ec37a60f89a40f7637ff7e3e42d95352eaae53d89ed9ab6706ccd2c0b84d92
2025-04-20 22:47:03,251 - DEBUG - Derived AES IV      : e49860d2c7c922d0737f2da26eb865de
2025-04-20 22:47:03,251 - INFO - Decrypting with AES-IGE...
2025-04-20 22:47:03,251 - DEBUG - Decrypted data: e676f8971323e1cbcb5dcc8ca4afb23f7b2274657874223a2022686920222c202274696d65223a20313734353230373232332c20226d73675f6964223a20313734353230373232333232332c20227365715f6e6f223a20323538343038363435392c202273656e6465725f6964223a20322c2022726563697069656e745f6964223a20317d
2025-04-20 22:47:03,251 - DEBUG - Salt (hex)          : e676f8971323e1cb
2025-04-20 22:47:03,251 - DEBUG - Session ID (hex)    : cb5dcc8ca4afb23f
2025-04-20 22:47:03,251 - DEBUG - Payload JSON        :
{
    "text": "hi ",
    "time": 1745207223,
    "msg_id": 1745207223223,
    "seq_no": 2584086459,
    "sender_id": 2,
    "recipient_id": 1
}
2025-04-20 22:47:03,251 - INFO - ===== MTProto DECRYPTION FLOW END =====

2025-04-20 22:47:20,688 - INFO - ===== MTProto ENCRYPTION FLOW START =====
2025-04-20 22:47:20,689 - INFO - 📤 User 'jaideep' is sending a message to 'srivatsa'
2025-04-20 22:47:20,689 - INFO - Deriving AES key and IV...
2025-04-20 22:47:20,690 - DEBUG - AES key: 017df6e3acab53c85c948e7e4defceb02cfecf9313c1e58928bab4f19b838eae
2025-04-20 22:47:20,690 - DEBUG - AES IV: 6fa44271dc4f98ffba9e3b702d2454dd28ffa3705ff8e8a5bf8250561e9d861f
2025-04-20 22:47:20,690 - INFO - Encrypting with AES-IGE...
2025-04-20 22:47:20,713 - DEBUG - Encrypted data: b8c735600f0dd730623008e0e3f05a6291fc1fe77fbb233fa76af9547515b990e3f481f67f7eae7f2e3ee31925e1e208b773b53a59674f51ed2f5c9072cee33fe2accf4247da8c64b200140e0a512b09dd23bfb687625535f0ee4f926de26dddf5d49bb72fbbad66f42c837f7fafafc101e89a90b6c9ee8d373526d2a9db11e195fd05bf7d664910a79552cb23ec85e7
2025-04-20 22:47:20,714 - DEBUG - Auth Key ID         : 4c0d862579b2668f08c69d8f5601c59bdcf796587d91a053a0d73833f338993a
2025-04-20 22:47:20,714 - DEBUG - Salt (hex)          : 2b65314ca465c0a7
2025-04-20 22:47:20,714 - DEBUG - Session ID (hex)    : b301e2a0747f72bc
2025-04-20 22:47:20,714 - DEBUG - Msg ID              : 1745207240689
2025-04-20 22:47:20,714 - DEBUG - Seq No              : 3684561106
2025-04-20 22:47:20,714 - DEBUG - Payload JSON        :
{
    "text": "hello",
    "time": 1745207240,
    "msg_id": 1745207240689,
    "seq_no": 3684561106,
    "sender_id": 1,
    "recipient_id": 2
}
2025-04-20 22:47:20,714 - DEBUG - Encrypted (base64)  : uMc1YA8N1zBiMAjg4/BaYpH8H+d/uyM/p2r5VHUVuZDj9IH2f36ufy4+4xkl4eIIt3O1OllnT1HtL1yQcs7jP+Ksz0JH2oxksgAUDgpRKwndI7+2h2JVNfDuT5Jt4m3d9dSbty+7rWb0LIN/f6+vwQHompC2ye6NNzUm0qnbEeGV/QW/fWZJEKeVUssj7IXn
2025-04-20 22:47:20,714 - INFO - ===== MTProto ENCRYPTION FLOW END =====

2025-04-20 22:47:27,718 - INFO - ===== MTProto DECRYPTION FLOW START =====
2025-04-20 22:47:27,718 - INFO - 📥 User 'jaideep' is receiving a message...
2025-04-20 22:47:27,718 - DEBUG - Encrypted blob length: 144 bytes
2025-04-20 22:47:27,718 - DEBUG - Encrypted blob (hex)  : 3a9389e1326e6ec372a9afe7c5baab3ebf78e48eb1bf82f2ddcb02c0e40e7f7f925fbe4ab6c3abe526d94ee80223065c2061b6115e9f0d2dc04776a9c513ce8afcd99fc0afff3023203d2c337ee18b763686bbcfbc863130dd5f4079fd2229da883cc026968ebd920180ed1da45720a6a6dd3cf540cb560ca949c0ef2de5b41fbe3e7a2cac88089e6f618798af8755a4
2025-04-20 22:47:27,718 - DEBUG - Derived AES Key     : 4211f520d9c12c151d48caa975d05c3ce9daaf94addaf657734c173bcf9f3bfc
2025-04-20 22:47:27,718 - DEBUG - Derived AES IV      : f9a0c74a5d665ce1e10a0ccaaae42e03
2025-04-20 22:47:27,718 - INFO - Decrypting with AES-IGE...
2025-04-20 22:47:27,718 - DEBUG - Decrypted data: 0a21a074acc544d8a1eabfdb9fda2ef37b2274657874223a202277686174732075703f222c202274696d65223a20313734353230373234372c20226d73675f6964223a20313734353230373234373731322c20227365715f6e6f223a20323234313338383437322c202273656e6465725f6964223a20322c2022726563697069656e745f6964223a20317d
2025-04-20 22:47:27,718 - DEBUG - Salt (hex)          : 0a21a074acc544d8
2025-04-20 22:47:27,718 - DEBUG - Session ID (hex)    : a1eabfdb9fda2ef3
2025-04-20 22:47:27,718 - DEBUG - Payload JSON        :
{
    "text": "whats up?",
    "time": 1745207247,
    "msg_id": 1745207247712,
    "seq_no": 2241388472,
    "sender_id": 2,
    "recipient_id": 1
}
2025-04-20 22:47:27,718 - INFO - ===== MTProto DECRYPTION FLOW END =====

2025-04-20 22:47:34,006 - INFO - ===== MTProto ENCRYPTION FLOW START =====
2025-04-20 22:47:34,006 - INFO - 📤 User 'jaideep' is sending a message to 'srivatsa'
2025-04-20 22:47:34,006 - INFO - Deriving AES key and IV...
2025-04-20 22:47:34,006 - DEBUG - AES key: 5e44c1c30c3dcee3e184a330f7b2c07916ed2c4784912614feb97fae1443339f
2025-04-20 22:47:34,006 - DEBUG - AES IV: 51fd31d752cf1e743d38d2aef78ac06009e65ce8919effa6c9ac02ebe3f86334
2025-04-20 22:47:34,006 - INFO - Encrypting with AES-IGE...
2025-04-20 22:47:34,006 - DEBUG - Encrypted data: fc4617d07226cfee39852ec4428f3b2f4af6d820c0f4ea0411b0de9bf3bacc870f943a9d58e6730da77346fe46d90b9171e2b34d33bba561d5e5faaa68f06d6d2254a7b2d9c69004e16c0eb4f96d789c98df572392036d26a43cf5684ea8c0af43ccc2b937788e5c0d1bc0a0b770ecc975b0edd5425d47a1bba606b8d8fc4bebb5e19f35d4b592db389fc8cf1556b28d
2025-04-20 22:47:34,006 - DEBUG - Auth Key ID         : 4c0d862579b2668f08c69d8f5601c59bdcf796587d91a053a0d73833f338993a
2025-04-20 22:47:34,006 - DEBUG - Salt (hex)          : 9fb5e17fdd050c0d
2025-04-20 22:47:34,006 - DEBUG - Session ID (hex)    : 8bdf1dd4b940d437
2025-04-20 22:47:34,007 - DEBUG - Msg ID              : 1745207254006
2025-04-20 22:47:34,007 - DEBUG - Seq No              : 1084949979
2025-04-20 22:47:34,007 - DEBUG - Payload JSON        :
{
    "text": "nothing !!",
    "time": 1745207254,
    "msg_id": 1745207254006,
    "seq_no": 1084949979,
    "sender_id": 1,
    "recipient_id": 2
}
2025-04-20 22:47:34,007 - DEBUG - Encrypted (base64)  : /EYX0HImz+45hS7EQo87L0r22CDA9OoEEbDem/O6zIcPlDqdWOZzDadzRv5G2QuRceKzTTO7pWHV5fqqaPBtbSJUp7LZxpAE4WwOtPlteJyY31cjkgNtJqQ89WhOqMCvQ8zCuTd4jlwNG8Cgt3DsyXWw7dVCXUehu6YGuNj8S+u14Z811LWS2zifyM8VVrKN
2025-04-20 22:47:34,007 - INFO - ===== MTProto ENCRYPTION FLOW END =====

2025-04-20 22:47:45,302 - INFO - ===== MTProto DECRYPTION FLOW START =====
2025-04-20 22:47:45,302 - INFO - 📥 User 'jaideep' is receiving a message...
2025-04-20 22:47:45,302 - DEBUG - Encrypted blob length: 176 bytes
2025-04-20 22:47:45,302 - DEBUG - Encrypted blob (hex)  : 5dde71f6bca746933859b25e57d274b1936d8b9f532de5098870381005306136e0cd03cc2c35f4c67558d19481c170c5f2464ec5c489ed3097ea73d9091dbba3f096cfb48a2456e4526eaada68d4c48e297d039a12183dfc328bc93c62bb32ad187b3e52a51eb64b4e5033b2ef43e59993153b604315ada278e04c6fffd5aa71590a016d41ef9c7b6ee72ee667a48a3d454a8f5011ae964f2ab8544cb27a6da85b4fced5f689bfea1fac823a98d116dd
2025-04-20 22:47:45,302 - DEBUG - Derived AES Key     : f2df1be1637923ca86d3f0c4aeb2867d43e05ec8b516d39435e6f3881c57585f
2025-04-20 22:47:45,302 - DEBUG - Derived AES IV      : 2d1cb2afccb1fa94189f25544a930a7e
2025-04-20 22:47:45,302 - INFO - Decrypting with AES-IGE...
2025-04-20 22:47:45,302 - DEBUG - Decrypted data: 4c89118325c8248a8c0ab23b8868fb647b2274657874223a202263616e20752073656e64206d6520796f75722070686f6e65206e756d626572203f222c202274696d65223a20313734353230373236352c20226d73675f6964223a20313734353230373236353239372c20227365715f6e6f223a20333537343434313631382c202273656e6465725f6964223a20322c2022726563697069656e745f6964223a20317d
2025-04-20 22:47:45,302 - DEBUG - Salt (hex)          : 4c89118325c8248a
2025-04-20 22:47:45,302 - DEBUG - Session ID (hex)    : 8c0ab23b8868fb64
2025-04-20 22:47:45,302 - DEBUG - Payload JSON        :
{
    "text": "can u send me your phone number ?",
    "time": 1745207265,
    "msg_id": 1745207265297,
    "seq_no": 3574441618,
    "sender_id": 2,
    "recipient_id": 1
}
2025-04-20 22:47:45,303 - INFO - ===== MTProto DECRYPTION FLOW END =====

2025-04-20 22:48:07,672 - INFO - ===== MTProto ENCRYPTION FLOW START =====
2025-04-20 22:48:07,672 - INFO - 📤 User 'jaideep' is sending a message to 'srivatsa'
2025-04-20 22:48:07,673 - INFO - Deriving AES key and IV...
2025-04-20 22:48:07,673 - DEBUG - AES key: e5ef4b66d9f83842f4f9b049e881cd52fb2de53f9cc21bd56ae265cb92556841
2025-04-20 22:48:07,673 - DEBUG - AES IV: f5a520283422fed666a1c083823a0b1381deb5f58cc58a6f1f585e75c94850e4
2025-04-20 22:48:07,673 - INFO - Encrypting with AES-IGE...
2025-04-20 22:48:07,674 - DEBUG - Encrypted data: 256f2ed737393fc9e89de8f7184310e8f65902ca87595d28ba74c35c1f0dbeefe32320c74c7965a0b5d952ec4f5a5c0fec159e43eba04242b23bec8f7dace4dd2d82b7df6132df8c4e4ff9f45b9cbe8195098d7cc90bd308e086334439e69588ab816cf90572f89e782e2bbfbfd202765f504ced26fffd58ee88957d7d684269131bde2ca6d65f1ad97e65393f4cfc725c198178f3d9d61690004deda545ea6a
2025-04-20 22:48:07,674 - DEBUG - Auth Key ID         : 4c0d862579b2668f08c69d8f5601c59bdcf796587d91a053a0d73833f338993a
2025-04-20 22:48:07,674 - DEBUG - Salt (hex)          : cdde6e8ebd61fc15
2025-04-20 22:48:07,674 - DEBUG - Session ID (hex)    : 90ec88bb299edcae
2025-04-20 22:48:07,674 - DEBUG - Msg ID              : 1745207287672
2025-04-20 22:48:07,674 - DEBUG - Seq No              : 2179741163
2025-04-20 22:48:07,674 - DEBUG - Payload JSON        :
{
    "text": "yes, here you go +872XXXXXXX1",
    "time": 1745207287,
    "msg_id": 1745207287672,
    "seq_no": 2179741163,
    "sender_id": 1,
    "recipient_id": 2
}
2025-04-20 22:48:07,674 - DEBUG - Encrypted (base64)  : JW8u1zc5P8nonej3GEMQ6PZZAsqHWV0ounTDXB8Nvu/jIyDHTHlloLXZUuxPWlwP7BWeQ+ugQkKyO+yPfazk3S2Ct99hMt+MTk/59FucvoGVCY18yQvTCOCGM0Q55pWIq4Fs+QVy+J54Liu/v9ICdl9QTO0m//1Y7oiVfX1oQmkTG94sptZfGtl+ZTk/TPxyXBmBePPZ1haQAE3tpUXqag==
2025-04-20 22:48:07,674 - INFO - ===== MTProto ENCRYPTION FLOW END =====

