2025-04-24 17:01:27,071 - INFO - ===== MTProto DECRYPTION FLOW START =====
2025-04-24 17:01:27,071 - INFO - 📥 User 'maneesha' is receiving a message...
2025-04-24 17:01:27,071 - DEBUG - Encrypted Blob Length : 144 bytes
2025-04-24 17:01:27,071 - DEBUG - Encrypted Blob (hex)  : b882b78fd4dc6711a5412d2ee11c273cd3183ce42e655e7c67e73e8c307490bb68b816e0eae3b5217cb0aaed2b577a6d3ae0e4fe39c2627035266492e99d981d1a095f2d3a4868eede419c479525e9bd2620c119031eb4394ef0a704c56272b1da765f38ef856e17b201f53eec2d9c773bbf26fb5714a22f0508d6dc67e1047b729443249ff0bafbebcb3f6b8a969820
2025-04-24 17:01:27,071 - INFO - Deriving AES key and IV...
2025-04-24 17:01:27,071 - DEBUG - msg_key               : 194780fb4d5ecd1dbfdf669239f00d22
2025-04-24 17:01:27,071 - DEBUG - AES Key               : 21c226ae6eef91fa230d4a3d41070a1d1ec12e3e75378168544654ef7d6fb524
2025-04-24 17:01:27,071 - DEBUG - AES IV                : 7f77037b9e71ec38cf5fec322a33d777
2025-04-24 17:01:27,071 - INFO - Decrypting with AES-IGE...
2025-04-24 17:01:27,071 - DEBUG - Decrypted Data (hex)  : 5809dfb3e33d14486039cf3d3be186057b2274657874223a2022686920726120222c202274696d65223a20313734353533323038372c20226d73675f6964223a20313734353533323038373035382c20227365715f6e6f223a20313532393931333530332c202273656e6465725f6964223a20312c2022726563697069656e745f6964223a20327d
2025-04-24 17:01:27,071 - DEBUG - Salt (hex)            : 5809dfb3e33d1448
2025-04-24 17:01:27,071 - DEBUG - Session ID (hex)      : 6039cf3d3be18605
2025-04-24 17:01:27,071 - DEBUG - Payload JSON          :
{
    "text": "hi ra ",
    "time": 1745532087,
    "msg_id": 1745532087058,
    "seq_no": 1529913503,
    "sender_id": 1,
    "recipient_id": 2
}
2025-04-24 17:01:27,071 - INFO - 📬 Message received from 'srivatsa'
2025-04-24 17:01:27,071 - INFO - ===== MTProto DECRYPTION FLOW END =====

2025-04-24 17:03:39,242 - INFO - ===== MTProto ENCRYPTION FLOW START =====
2025-04-24 17:03:39,243 - INFO - 📤 User 'maneesha' is sending a message to 'srivatsa'
2025-04-24 17:03:39,243 - INFO - 🔑 Simulated DH Key Exchange - Generated auth_key
2025-04-24 17:03:39,243 - DEBUG - auth_key (hex)       : 1cca01fa359c594624f62704b04f591375efe408b6f248284f2a8e68567c1643929e340b0ee14ecc5bfc3057f14ca0ef35f24dc435fe099bff52750b548f36ae7f5320778c1d32b7c2ed001daaf1312aa2779c43f4cfac69507ad246a6a3cda4989f581dd03c1398f9efd628457223ef6856060395344c90473f7715a112f5a8e4fd8fda4e44bf227f9e792d1f4501c377765919f4f2ffe4bf1229cb019b5d2e1e7ec4957d8c14deb39f6b644b8fcef63e859e18195eb8ab1c4c1dd2e20562fd568b6502275c74e919a55f32074877c6551a135389080e160a23823f92e32cddcefa7159ca3537b4c08c1ceeccf1272e81e8a7478eeb0fbd29f0a8d127e18e2c
2025-04-24 17:03:39,243 - DEBUG - auth_key_id (SHA256) : d7e45e9369b0ea05d06c54f5eb4c2462024bf918f182ba9364ffb5e7912632c6
2025-04-24 17:03:39,243 - INFO - Message Content       : "hello"
2025-04-24 17:03:39,243 - INFO - Sender ID             : 2
2025-04-24 17:03:39,243 - INFO - Recipient ID          : 1
2025-04-24 17:03:39,244 - INFO - Timestamp             : 2025-04-24 17:03:39
2025-04-24 17:03:39,244 - INFO - Msg ID                : 1745532219243
2025-04-24 17:03:39,244 - INFO - Seq No                : 3685062010
2025-04-24 17:03:39,244 - INFO - Deriving AES key and IV using msg_key + auth_key...
2025-04-24 17:03:39,244 - DEBUG - AES Key               : 2ad00743fa1792ab116fabaffd163592577742575c209d82c895a5d63e1cff3e
2025-04-24 17:03:39,244 - DEBUG - AES IV                : 9e7dd82d339875f1388dc1ed86646aa87920e65f95eaf38e6e00c8e65a72b533
2025-04-24 17:03:39,244 - INFO - Encrypting with AES-IGE...
2025-04-24 17:03:39,246 - DEBUG - Encrypted data: 65a6b649cc4aded2c204a9f42449a1fba4889f5e94e20a077dd3750b6a4c52a5cbedfa8bf87cdb625555ae9495c579a79bc480bb0230c89eb59505272840ead4409d3505f572a5cbfffd2be4cda44fac69b1c7d0de1a2a8a08f83b39aa2e0575965b4ae1d15fcb99cf10ad18b71d955094b3d9a7d343bab53d264a4c09804f19d15fe519fb4a8a643fb13cd105262fdd
2025-04-24 17:03:39,247 - DEBUG - Auth Key ID           : d7e45e9369b0ea05d06c54f5eb4c2462024bf918f182ba9364ffb5e7912632c6
2025-04-24 17:03:39,247 - DEBUG - msg_key               : c75fd9347cbe482156e30daa8522ce5e
2025-04-24 17:03:39,247 - DEBUG - Salt (hex)            : 35f9e1f316dff9bf
2025-04-24 17:03:39,247 - DEBUG - Session ID (hex)      : bab6277119ee8a35
2025-04-24 17:03:39,247 - DEBUG - Encrypted Payload     : 65a6b649cc4aded2c204a9f42449a1fba4889f5e94e20a077dd3750b6a4c52a5cbedfa8bf87cdb625555ae9495c579a79bc480bb0230c89eb59505272840ead4409d3505f572a5cbfffd2be4cda44fac69b1c7d0de1a2a8a08f83b39aa2e0575965b4ae1d15fcb99cf10ad18b71d955094b3d9a7d343bab53d264a4c09804f19d15fe519fb4a8a643fb13cd105262fdd (144 bytes)
2025-04-24 17:03:39,247 - DEBUG - Encrypted (base64)    : Zaa2ScxK3tLCBKn0JEmh+6SIn16U4goHfdN1C2pMUqXL7fqL+HzbYlVVrpSVxXmnm8SAuwIwyJ61lQUnKEDq1ECdNQX1cqXL//0r5M2kT6xpscfQ3hoqigj4OzmqLgV1lltK4dFfy5nPEK0Ytx2VUJSz2afTQ7q1PSZKTAmATxnRX+UZ+0qKZD+xPNEFJi/d
2025-04-24 17:03:39,247 - INFO - ===== MTProto ENCRYPTION FLOW END =====

2025-04-24 18:10:32,621 - INFO - ===== MTProto ENCRYPTION FLOW START =====
2025-04-24 18:10:32,624 - INFO - 📤 User 'maneesha' is sending a message to 'srivatsa'
2025-04-24 18:10:32,624 - INFO - Message Content       : "hi"
2025-04-24 18:10:32,624 - INFO - Sender ID             : 2
2025-04-24 18:10:32,624 - INFO - Recipient ID          : 1
2025-04-24 18:10:32,624 - INFO - Timestamp             : 2025-04-24 18:10:32
2025-04-24 18:10:32,624 - INFO - Msg ID                : 1745536232624
2025-04-24 18:10:32,624 - INFO - Seq No                : 1193007213
2025-04-24 18:10:32,625 - INFO - Deriving AES key and IV using msg_key + auth_key...
2025-04-24 18:10:32,625 - DEBUG - AES Key               : 4225904a20ae5fb9390fcd9aa6c07a53da00ab2c488e24d7fb1b31b91ad70688
2025-04-24 18:10:32,625 - DEBUG - AES IV                : 3839714af816467557014ebd463faa29b12a2f214a17e94d3ae308135e2a4f6f
2025-04-24 18:10:32,625 - INFO - Encrypting with AES-IGE...
2025-04-24 18:10:32,631 - DEBUG - Encrypted data: 7034df49a08970e108c9caa97658270f9334702586edda1faefab6980162a8d8ace5d0d25b08e9d580eb58d8c6295c7867a425852ae53207e5045b35933b51298523256fad58d2796b8b506e6689528a9a77807f0ec614b51e0a7e9a2d329bbfcec510f6ee7ef8f3f1566166743634b5a9077c97101a898bec85618bfc836b966a32aa03f8a810b2c0e462cef236ea84
2025-04-24 18:10:32,631 - DEBUG - Auth Key ID           : d7e45e9369b0ea05d06c54f5eb4c2462024bf918f182ba9364ffb5e7912632c6
2025-04-24 18:10:32,631 - DEBUG - msg_key               : 8930afd3b5d6b35161a6161590c95b07
2025-04-24 18:10:32,631 - DEBUG - Salt (hex)            : 1d3000df21b04890
2025-04-24 18:10:32,631 - DEBUG - Session ID (hex)      : 03694fc3b328d9b1
2025-04-24 18:10:32,631 - DEBUG - Encrypted Payload     : 7034df49a08970e108c9caa97658270f9334702586edda1faefab6980162a8d8ace5d0d25b08e9d580eb58d8c6295c7867a425852ae53207e5045b35933b51298523256fad58d2796b8b506e6689528a9a77807f0ec614b51e0a7e9a2d329bbfcec510f6ee7ef8f3f1566166743634b5a9077c97101a898bec85618bfc836b966a32aa03f8a810b2c0e462cef236ea84 (144 bytes)
2025-04-24 18:10:32,632 - DEBUG - Encrypted (base64)    : cDTfSaCJcOEIycqpdlgnD5M0cCWG7dofrvq2mAFiqNis5dDSWwjp1YDrWNjGKVx4Z6QlhSrlMgflBFs1kztRKYUjJW+tWNJ5a4tQbmaJUoqad4B/DsYUtR4KfpotMpu/zsUQ9u5++PPxVmFmdDY0takHfJcQGomL7IVhi/yDa5ZqMqoD+KgQssDkYs7yNuqE
2025-04-24 18:10:32,632 - INFO - ===== MTProto ENCRYPTION FLOW END =====

2025-04-24 18:10:35,224 - INFO - ===== MTProto DECRYPTION FLOW START =====
2025-04-24 18:10:35,224 - INFO - 📥 User 'maneesha' is receiving a message...
2025-04-24 18:10:35,224 - DEBUG - Encrypted Blob Length : 144 bytes
2025-04-24 18:10:35,224 - DEBUG - Encrypted Blob (hex)  : b882b78fd4dc6711a5412d2ee11c273cd3183ce42e655e7c67e73e8c307490bb68b816e0eae3b5217cb0aaed2b577a6d3ae0e4fe39c2627035266492e99d981d1a095f2d3a4868eede419c479525e9bd2620c119031eb4394ef0a704c56272b1da765f38ef856e17b201f53eec2d9c773bbf26fb5714a22f0508d6dc67e1047b729443249ff0bafbebcb3f6b8a969820
2025-04-24 18:10:35,224 - INFO - Deriving AES key and IV...
2025-04-24 18:10:35,224 - DEBUG - msg_key               : 194780fb4d5ecd1dbfdf669239f00d22
2025-04-24 18:10:35,224 - DEBUG - AES Key               : 21c226ae6eef91fa230d4a3d41070a1d1ec12e3e75378168544654ef7d6fb524
2025-04-24 18:10:35,224 - DEBUG - AES IV                : 7f77037b9e71ec38cf5fec322a33d777
2025-04-24 18:10:35,224 - INFO - Decrypting with AES-IGE...
2025-04-24 18:10:35,224 - DEBUG - Decrypted Data (hex)  : 5809dfb3e33d14486039cf3d3be186057b2274657874223a2022686920726120222c202274696d65223a20313734353533323038372c20226d73675f6964223a20313734353533323038373035382c20227365715f6e6f223a20313532393931333530332c202273656e6465725f6964223a20312c2022726563697069656e745f6964223a20327d
2025-04-24 18:10:35,224 - DEBUG - Salt (hex)            : 5809dfb3e33d1448
2025-04-24 18:10:35,224 - DEBUG - Session ID (hex)      : 6039cf3d3be18605
2025-04-24 18:10:35,225 - DEBUG - Payload JSON          :
{
    "text": "hi ra ",
    "time": 1745532087,
    "msg_id": 1745532087058,
    "seq_no": 1529913503,
    "sender_id": 1,
    "recipient_id": 2
}
2025-04-24 18:10:35,225 - INFO - 📬 Message received from 'srivatsa'
2025-04-24 18:10:35,225 - INFO - ===== MTProto DECRYPTION FLOW END =====

