2025-04-24 17:01:27,056 - INFO - ===== MTProto ENCRYPTION FLOW START =====
2025-04-24 17:01:27,057 - INFO - 游닋 User 'srivatsa' is sending a message to 'maneesha'
2025-04-24 17:01:27,058 - INFO - 游댐 Simulated DH Key Exchange - Generated auth_key
2025-04-24 17:01:27,058 - DEBUG - auth_key (hex)       : 69a81462143c5a0f6ab7ab044c1ebad59659bf0fd36e7b25146bf2bab6110d2e19904ddcab6cbe073017a0d3677f057daa6fde13b98e7fb171b7280992df61dd1d6403421a4dcbae83c2615b54e96c8780c039d4fbc9c16e84df329bdae59343df0c70363280bf29b61be4b5569a821847508acbb005fe4ee03aae339cf975cc8779dcc9c065a8dde1a446b7ed825e2f6617312ddebd9adeb3c133afff21411f321617b1fbbd052298d47be4d5c8a812e2e3852149a3ae799ccc0c787bf196394080a3f2dbbe2815622bf0fe7dbbac7446a2b9ad97c41cca22a81ae182760c88928e5ab75642b3c822c735e77a7ec4c30390fcd472b17a5f2882f72276d59bd3
2025-04-24 17:01:27,058 - DEBUG - auth_key_id (SHA256) : 43bcb1bd5fe8b9e5b65744f6498af0aeaf4323944482a400859d18946b803476
2025-04-24 17:01:27,058 - INFO - Message Content       : "hi ra "
2025-04-24 17:01:27,058 - INFO - Sender ID             : 1
2025-04-24 17:01:27,058 - INFO - Recipient ID          : 2
2025-04-24 17:01:27,058 - INFO - Timestamp             : 2025-04-24 17:01:27
2025-04-24 17:01:27,058 - INFO - Msg ID                : 1745532087058
2025-04-24 17:01:27,058 - INFO - Seq No                : 1529913503
2025-04-24 17:01:27,058 - INFO - Deriving AES key and IV using msg_key + auth_key...
2025-04-24 17:01:27,058 - DEBUG - AES Key               : 21c226ae6eef91fa230d4a3d41070a1d1ec12e3e75378168544654ef7d6fb524
2025-04-24 17:01:27,058 - DEBUG - AES IV                : 7f77037b9e71ec38cf5fec322a33d77793be8a9c2ed59576fe30dd6715dbb292
2025-04-24 17:01:27,058 - INFO - Encrypting with AES-IGE...
2025-04-24 17:01:27,064 - DEBUG - Encrypted data: b882b78fd4dc6711a5412d2ee11c273cd3183ce42e655e7c67e73e8c307490bb68b816e0eae3b5217cb0aaed2b577a6d3ae0e4fe39c2627035266492e99d981d1a095f2d3a4868eede419c479525e9bd2620c119031eb4394ef0a704c56272b1da765f38ef856e17b201f53eec2d9c773bbf26fb5714a22f0508d6dc67e1047b729443249ff0bafbebcb3f6b8a969820
2025-04-24 17:01:27,064 - DEBUG - Auth Key ID           : 43bcb1bd5fe8b9e5b65744f6498af0aeaf4323944482a400859d18946b803476
2025-04-24 17:01:27,064 - DEBUG - msg_key               : 194780fb4d5ecd1dbfdf669239f00d22
2025-04-24 17:01:27,064 - DEBUG - Salt (hex)            : 5809dfb3e33d1448
2025-04-24 17:01:27,064 - DEBUG - Session ID (hex)      : 6039cf3d3be18605
2025-04-24 17:01:27,064 - DEBUG - Encrypted Payload     : b882b78fd4dc6711a5412d2ee11c273cd3183ce42e655e7c67e73e8c307490bb68b816e0eae3b5217cb0aaed2b577a6d3ae0e4fe39c2627035266492e99d981d1a095f2d3a4868eede419c479525e9bd2620c119031eb4394ef0a704c56272b1da765f38ef856e17b201f53eec2d9c773bbf26fb5714a22f0508d6dc67e1047b729443249ff0bafbebcb3f6b8a969820 (144 bytes)
2025-04-24 17:01:27,064 - DEBUG - Encrypted (base64)    : uIK3j9TcZxGlQS0u4RwnPNMYPOQuZV58Z+c+jDB0kLtouBbg6uO1IXywqu0rV3ptOuDk/jnCYnA1JmSS6Z2YHRoJXy06SGju3kGcR5Ul6b0mIMEZAx60OU7wpwTFYnKx2nZfOO+FbheyAfU+7C2cdzu/JvtXFKIvBQjW3GfhBHtylEMkn/C6++vLP2uKlpgg
2025-04-24 17:01:27,064 - INFO - ===== MTProto ENCRYPTION FLOW END =====

2025-04-24 17:03:39,253 - INFO - ===== MTProto DECRYPTION FLOW START =====
2025-04-24 17:03:39,253 - INFO - 游닌 User 'srivatsa' is receiving a message...
2025-04-24 17:03:39,253 - DEBUG - Encrypted Blob Length : 144 bytes
2025-04-24 17:03:39,253 - DEBUG - Encrypted Blob (hex)  : 65a6b649cc4aded2c204a9f42449a1fba4889f5e94e20a077dd3750b6a4c52a5cbedfa8bf87cdb625555ae9495c579a79bc480bb0230c89eb59505272840ead4409d3505f572a5cbfffd2be4cda44fac69b1c7d0de1a2a8a08f83b39aa2e0575965b4ae1d15fcb99cf10ad18b71d955094b3d9a7d343bab53d264a4c09804f19d15fe519fb4a8a643fb13cd105262fdd
2025-04-24 17:03:39,253 - INFO - Deriving AES key and IV...
2025-04-24 17:03:39,253 - DEBUG - msg_key               : c75fd9347cbe482156e30daa8522ce5e
2025-04-24 17:03:39,253 - DEBUG - AES Key               : 2ad00743fa1792ab116fabaffd163592577742575c209d82c895a5d63e1cff3e
2025-04-24 17:03:39,253 - DEBUG - AES IV                : 9e7dd82d339875f1388dc1ed86646aa8
2025-04-24 17:03:39,253 - INFO - Decrypting with AES-IGE...
2025-04-24 17:03:39,253 - DEBUG - Decrypted Data (hex)  : 35f9e1f316dff9bfbab6277119ee8a357b2274657874223a202268656c6c6f222c202274696d65223a20313734353533323231392c20226d73675f6964223a20313734353533323231393234332c20227365715f6e6f223a20333638353036323031302c202273656e6465725f6964223a20322c2022726563697069656e745f6964223a20317d
2025-04-24 17:03:39,253 - DEBUG - Salt (hex)            : 35f9e1f316dff9bf
2025-04-24 17:03:39,253 - DEBUG - Session ID (hex)      : bab6277119ee8a35
2025-04-24 17:03:39,253 - DEBUG - Payload JSON          :
{
    "text": "hello",
    "time": 1745532219,
    "msg_id": 1745532219243,
    "seq_no": 3685062010,
    "sender_id": 2,
    "recipient_id": 1
}
2025-04-24 17:03:39,253 - INFO - 游닓 Message received from 'maneesha'
2025-04-24 17:03:39,253 - INFO - ===== MTProto DECRYPTION FLOW END =====

2025-04-24 18:10:32,648 - INFO - ===== MTProto DECRYPTION FLOW START =====
2025-04-24 18:10:32,648 - INFO - 游닌 User 'srivatsa' is receiving a message...
2025-04-24 18:10:32,648 - DEBUG - Encrypted Blob Length : 144 bytes
2025-04-24 18:10:32,648 - DEBUG - Encrypted Blob (hex)  : 7034df49a08970e108c9caa97658270f9334702586edda1faefab6980162a8d8ace5d0d25b08e9d580eb58d8c6295c7867a425852ae53207e5045b35933b51298523256fad58d2796b8b506e6689528a9a77807f0ec614b51e0a7e9a2d329bbfcec510f6ee7ef8f3f1566166743634b5a9077c97101a898bec85618bfc836b966a32aa03f8a810b2c0e462cef236ea84
2025-04-24 18:10:32,648 - INFO - Deriving AES key and IV...
2025-04-24 18:10:32,648 - DEBUG - msg_key               : 8930afd3b5d6b35161a6161590c95b07
2025-04-24 18:10:32,648 - DEBUG - AES Key               : 4225904a20ae5fb9390fcd9aa6c07a53da00ab2c488e24d7fb1b31b91ad70688
2025-04-24 18:10:32,648 - DEBUG - AES IV                : 3839714af816467557014ebd463faa29
2025-04-24 18:10:32,648 - INFO - Decrypting with AES-IGE...
2025-04-24 18:10:32,648 - DEBUG - Decrypted Data (hex)  : 1d3000df21b0489003694fc3b328d9b17b2274657874223a20226869222c202274696d65223a20313734353533363233322c20226d73675f6964223a20313734353533363233323632342c20227365715f6e6f223a20313139333030373231332c202273656e6465725f6964223a20322c2022726563697069656e745f6964223a20317d
2025-04-24 18:10:32,648 - DEBUG - Salt (hex)            : 1d3000df21b04890
2025-04-24 18:10:32,648 - DEBUG - Session ID (hex)      : 03694fc3b328d9b1
2025-04-24 18:10:32,648 - DEBUG - Payload JSON          :
{
    "text": "hi",
    "time": 1745536232,
    "msg_id": 1745536232624,
    "seq_no": 1193007213,
    "sender_id": 2,
    "recipient_id": 1
}
2025-04-24 18:10:32,648 - INFO - 游닓 Message received from 'maneesha'
2025-04-24 18:10:32,648 - INFO - ===== MTProto DECRYPTION FLOW END =====

2025-04-24 18:10:35,227 - INFO - ===== MTProto DECRYPTION FLOW START =====
2025-04-24 18:10:35,227 - INFO - 游닌 User 'srivatsa' is receiving a message...
2025-04-24 18:10:35,227 - DEBUG - Encrypted Blob Length : 144 bytes
2025-04-24 18:10:35,227 - DEBUG - Encrypted Blob (hex)  : 65a6b649cc4aded2c204a9f42449a1fba4889f5e94e20a077dd3750b6a4c52a5cbedfa8bf87cdb625555ae9495c579a79bc480bb0230c89eb59505272840ead4409d3505f572a5cbfffd2be4cda44fac69b1c7d0de1a2a8a08f83b39aa2e0575965b4ae1d15fcb99cf10ad18b71d955094b3d9a7d343bab53d264a4c09804f19d15fe519fb4a8a643fb13cd105262fdd
2025-04-24 18:10:35,227 - INFO - Deriving AES key and IV...
2025-04-24 18:10:35,227 - DEBUG - msg_key               : c75fd9347cbe482156e30daa8522ce5e
2025-04-24 18:10:35,227 - DEBUG - AES Key               : 2ad00743fa1792ab116fabaffd163592577742575c209d82c895a5d63e1cff3e
2025-04-24 18:10:35,228 - DEBUG - AES IV                : 9e7dd82d339875f1388dc1ed86646aa8
2025-04-24 18:10:35,228 - INFO - Decrypting with AES-IGE...
2025-04-24 18:10:35,228 - DEBUG - Decrypted Data (hex)  : 35f9e1f316dff9bfbab6277119ee8a357b2274657874223a202268656c6c6f222c202274696d65223a20313734353533323231392c20226d73675f6964223a20313734353533323231393234332c20227365715f6e6f223a20333638353036323031302c202273656e6465725f6964223a20322c2022726563697069656e745f6964223a20317d
2025-04-24 18:10:35,228 - DEBUG - Salt (hex)            : 35f9e1f316dff9bf
2025-04-24 18:10:35,228 - DEBUG - Session ID (hex)      : bab6277119ee8a35
2025-04-24 18:10:35,228 - DEBUG - Payload JSON          :
{
    "text": "hello",
    "time": 1745532219,
    "msg_id": 1745532219243,
    "seq_no": 3685062010,
    "sender_id": 2,
    "recipient_id": 1
}
2025-04-24 18:10:35,228 - INFO - 游닓 Message received from 'maneesha'
2025-04-24 18:10:35,228 - INFO - ===== MTProto DECRYPTION FLOW END =====

2025-04-24 18:10:35,230 - INFO - ===== MTProto DECRYPTION FLOW START =====
2025-04-24 18:10:35,230 - INFO - 游닌 User 'srivatsa' is receiving a message...
2025-04-24 18:10:35,230 - DEBUG - Encrypted Blob Length : 144 bytes
2025-04-24 18:10:35,230 - DEBUG - Encrypted Blob (hex)  : 7034df49a08970e108c9caa97658270f9334702586edda1faefab6980162a8d8ace5d0d25b08e9d580eb58d8c6295c7867a425852ae53207e5045b35933b51298523256fad58d2796b8b506e6689528a9a77807f0ec614b51e0a7e9a2d329bbfcec510f6ee7ef8f3f1566166743634b5a9077c97101a898bec85618bfc836b966a32aa03f8a810b2c0e462cef236ea84
2025-04-24 18:10:35,230 - INFO - Deriving AES key and IV...
2025-04-24 18:10:35,230 - DEBUG - msg_key               : 8930afd3b5d6b35161a6161590c95b07
2025-04-24 18:10:35,230 - DEBUG - AES Key               : 4225904a20ae5fb9390fcd9aa6c07a53da00ab2c488e24d7fb1b31b91ad70688
2025-04-24 18:10:35,230 - DEBUG - AES IV                : 3839714af816467557014ebd463faa29
2025-04-24 18:10:35,230 - INFO - Decrypting with AES-IGE...
2025-04-24 18:10:35,230 - DEBUG - Decrypted Data (hex)  : 1d3000df21b0489003694fc3b328d9b17b2274657874223a20226869222c202274696d65223a20313734353533363233322c20226d73675f6964223a20313734353533363233323632342c20227365715f6e6f223a20313139333030373231332c202273656e6465725f6964223a20322c2022726563697069656e745f6964223a20317d
2025-04-24 18:10:35,230 - DEBUG - Salt (hex)            : 1d3000df21b04890
2025-04-24 18:10:35,230 - DEBUG - Session ID (hex)      : 03694fc3b328d9b1
2025-04-24 18:10:35,230 - DEBUG - Payload JSON          :
{
    "text": "hi",
    "time": 1745536232,
    "msg_id": 1745536232624,
    "seq_no": 1193007213,
    "sender_id": 2,
    "recipient_id": 1
}
2025-04-24 18:10:35,230 - INFO - 游닓 Message received from 'maneesha'
2025-04-24 18:10:35,230 - INFO - ===== MTProto DECRYPTION FLOW END =====

2025-04-24 19:11:18,450 - INFO - ===== MTProto ENCRYPTION FLOW START =====
2025-04-24 19:11:18,451 - INFO - 游닋 User 'srivatsa' is sending a message to 'jaideep'
2025-04-24 19:11:18,451 - INFO - 游댐 Simulated DH Key Exchange - Generated auth_key
2025-04-24 19:11:18,451 - DEBUG - auth_key (hex)       : 55b272ae05b10d40d14a4a0dfc5f90159eda99d70add05476e1d6aec3d75b21207562e18d5632050ba75ad65b51201fafeecd1e54f46422d0b16ba3f41f088b4718b23cd0fd9b9dd1897128723b004b4871c9ae04b59c6135f357581063fd0cc70a7cf50919a2fc128187378b8292e2f5e7691530e9a45efb2b282c98ca0031727fbbdf4e968abeeede02527be35a10ccb92b5a3eabe1f6a67f4f6d8ee62092851a492c4b37c1c8f484695e00cdfb00c620bdee9bf4c72b7b8c6a72ee99b93bf50d8c86faebdf07c41a5396e94492e971f47024cadd3878342e93df2057895f99bb7ffb59ae96bca6f7bde04b515e2ee21602c7689660611a15898d929758394
2025-04-24 19:11:18,453 - DEBUG - auth_key_id (SHA256) : 173de9be9df63ef8ab9ff32c80dd3569d20076d8f795043c70f5af6c75fe5e77
2025-04-24 19:11:18,453 - INFO - Message Content       : "Hi"
2025-04-24 19:11:18,453 - INFO - Sender ID             : 1
2025-04-24 19:11:18,453 - INFO - Recipient ID          : 2
2025-04-24 19:11:18,454 - INFO - Timestamp             : 2025-04-24 19:11:18
2025-04-24 19:11:18,454 - INFO - Msg ID                : 1745539878453
2025-04-24 19:11:18,454 - INFO - Seq No                : 2172012134
2025-04-24 19:11:18,454 - INFO - Deriving AES key and IV using msg_key + auth_key...
2025-04-24 19:11:18,454 - DEBUG - AES Key               : 03f224c7c723cf115cf2644c9072a885d83af31ca5d6ea0e2872850697f571b9
2025-04-24 19:11:18,454 - DEBUG - AES IV                : c39d7bd6d747be8b107ace74d4aff98dd791b44921fc509b361f7d3787112ae0
2025-04-24 19:11:18,454 - INFO - Encrypting with AES-IGE...
2025-04-24 19:11:18,460 - DEBUG - Encrypted data: 55dd572c2679aaf028dfaa5e341c0d67a27f8a54f58cf49d98011d2f87e5a61bafb1a94606d20878ed9b16aa1659fc28bb28f301c3b7d64ae3484bf5aca985f2e6505c587e9c2de45068cdd3f3882bdc8ca32e2373afd2cc9df606d397f268afd93a5bb5d5db1ae340ac4cc417dc46a2a213b8af59c0cb2965dd7825a0f4c071192c5c77f5b80b6784f768ddf4f7c723
2025-04-24 19:11:18,460 - DEBUG - Auth Key ID           : 173de9be9df63ef8ab9ff32c80dd3569d20076d8f795043c70f5af6c75fe5e77
2025-04-24 19:11:18,460 - DEBUG - msg_key               : 0d78b32cf1bdafa9ce74261d0460f22a
2025-04-24 19:11:18,460 - DEBUG - Salt (hex)            : 4ab3f97a61dd2cfb
2025-04-24 19:11:18,460 - DEBUG - Session ID (hex)      : 8030dda5c1b3aa42
2025-04-24 19:11:18,460 - DEBUG - Encrypted Payload     : 55dd572c2679aaf028dfaa5e341c0d67a27f8a54f58cf49d98011d2f87e5a61bafb1a94606d20878ed9b16aa1659fc28bb28f301c3b7d64ae3484bf5aca985f2e6505c587e9c2de45068cdd3f3882bdc8ca32e2373afd2cc9df606d397f268afd93a5bb5d5db1ae340ac4cc417dc46a2a213b8af59c0cb2965dd7825a0f4c071192c5c77f5b80b6784f768ddf4f7c723 (144 bytes)
2025-04-24 19:11:18,460 - DEBUG - Encrypted (base64)    : Vd1XLCZ5qvAo36peNBwNZ6J/ilT1jPSdmAEdL4flphuvsalGBtIIeO2bFqoWWfwouyjzAcO31krjSEv1rKmF8uZQXFh+nC3kUGjN0/OIK9yMoy4jc6/SzJ32BtOX8miv2TpbtdXbGuNArEzEF9xGoqITuK9ZwMspZd14JaD0wHEZLFx39bgLZ4T3aN3098cj
2025-04-24 19:11:18,460 - INFO - ===== MTProto ENCRYPTION FLOW END =====

2025-04-24 19:11:30,147 - INFO - ===== MTProto DECRYPTION FLOW START =====
2025-04-24 19:11:30,147 - INFO - 游닌 User 'srivatsa' is receiving a message...
2025-04-24 19:11:30,147 - DEBUG - Encrypted Blob Length : 144 bytes
2025-04-24 19:11:30,147 - DEBUG - Encrypted Blob (hex)  : f78b5fe75d88f41489706e54051be1e24daca3c418dd35a4f2549a9533e2007ba5799001bfa16cd27ae194728c959b0de5f1150bbfb56444f422f24b11d0743cca800b82bc246acb8622257c69791425484b0aef67df394f45c905238d27ac85e987534a43c75aa6be48e6ba0a8ebd77a410d3827e616224ed4eef64430ed17d5d1fe606c6b2f03041a64f1e78946802
2025-04-24 19:11:30,147 - INFO - Deriving AES key and IV...
2025-04-24 19:11:30,147 - DEBUG - msg_key               : 6d0c96c523b325f4dfb7d4bb42d8e63c
2025-04-24 19:11:30,147 - DEBUG - AES Key               : 983f3d66a55b124da5830b9750dc2766c7ea3a2f0062a782e93d4772e0cf0647
2025-04-24 19:11:30,147 - DEBUG - AES IV                : 4e04fd64accfc0bc70962159d2229757
2025-04-24 19:11:30,147 - INFO - Decrypting with AES-IGE...
2025-04-24 19:11:30,148 - DEBUG - Decrypted Data (hex)  : fa03bd42f1421e9d74f8cac7f5a55b0e7b2274657874223a202268656c6f222c202274696d65223a20313734353533393839302c20226d73675f6964223a20313734353533393839303132312c20227365715f6e6f223a20333230353030363137312c202273656e6465725f6964223a20322c2022726563697069656e745f6964223a20317d
2025-04-24 19:11:30,148 - DEBUG - Salt (hex)            : fa03bd42f1421e9d
2025-04-24 19:11:30,148 - DEBUG - Session ID (hex)      : 74f8cac7f5a55b0e
2025-04-24 19:11:30,148 - DEBUG - Payload JSON          :
{
    "text": "helo",
    "time": 1745539890,
    "msg_id": 1745539890121,
    "seq_no": 3205006171,
    "sender_id": 2,
    "recipient_id": 1
}
2025-04-24 19:11:30,148 - INFO - 游닓 Message received from 'jaideep'
2025-04-24 19:11:30,148 - INFO - ===== MTProto DECRYPTION FLOW END =====

2025-04-24 19:11:40,778 - INFO - ===== MTProto DECRYPTION FLOW START =====
2025-04-24 19:11:40,778 - INFO - 游닌 User 'srivatsa' is receiving a message...
2025-04-24 19:11:40,778 - DEBUG - Encrypted Blob Length : 144 bytes
2025-04-24 19:11:40,778 - DEBUG - Encrypted Blob (hex)  : f78b5fe75d88f41489706e54051be1e24daca3c418dd35a4f2549a9533e2007ba5799001bfa16cd27ae194728c959b0de5f1150bbfb56444f422f24b11d0743cca800b82bc246acb8622257c69791425484b0aef67df394f45c905238d27ac85e987534a43c75aa6be48e6ba0a8ebd77a410d3827e616224ed4eef64430ed17d5d1fe606c6b2f03041a64f1e78946802
2025-04-24 19:11:40,778 - INFO - Deriving AES key and IV...
2025-04-24 19:11:40,778 - DEBUG - msg_key               : 6d0c96c523b325f4dfb7d4bb42d8e63c
2025-04-24 19:11:40,778 - DEBUG - AES Key               : 983f3d66a55b124da5830b9750dc2766c7ea3a2f0062a782e93d4772e0cf0647
2025-04-24 19:11:40,778 - DEBUG - AES IV                : 4e04fd64accfc0bc70962159d2229757
2025-04-24 19:11:40,778 - INFO - Decrypting with AES-IGE...
2025-04-24 19:11:40,778 - DEBUG - Decrypted Data (hex)  : fa03bd42f1421e9d74f8cac7f5a55b0e7b2274657874223a202268656c6f222c202274696d65223a20313734353533393839302c20226d73675f6964223a20313734353533393839303132312c20227365715f6e6f223a20333230353030363137312c202273656e6465725f6964223a20322c2022726563697069656e745f6964223a20317d
2025-04-24 19:11:40,778 - DEBUG - Salt (hex)            : fa03bd42f1421e9d
2025-04-24 19:11:40,778 - DEBUG - Session ID (hex)      : 74f8cac7f5a55b0e
2025-04-24 19:11:40,778 - DEBUG - Payload JSON          :
{
    "text": "helo",
    "time": 1745539890,
    "msg_id": 1745539890121,
    "seq_no": 3205006171,
    "sender_id": 2,
    "recipient_id": 1
}
2025-04-24 19:11:40,779 - INFO - 游닓 Message received from 'jaideep'
2025-04-24 19:11:40,779 - INFO - ===== MTProto DECRYPTION FLOW END =====

2025-04-24 19:11:41,465 - INFO - ===== MTProto DECRYPTION FLOW START =====
2025-04-24 19:11:41,465 - INFO - 游닌 User 'srivatsa' is receiving a message...
2025-04-24 19:11:41,465 - DEBUG - Encrypted Blob Length : 144 bytes
2025-04-24 19:11:41,465 - DEBUG - Encrypted Blob (hex)  : f78b5fe75d88f41489706e54051be1e24daca3c418dd35a4f2549a9533e2007ba5799001bfa16cd27ae194728c959b0de5f1150bbfb56444f422f24b11d0743cca800b82bc246acb8622257c69791425484b0aef67df394f45c905238d27ac85e987534a43c75aa6be48e6ba0a8ebd77a410d3827e616224ed4eef64430ed17d5d1fe606c6b2f03041a64f1e78946802
2025-04-24 19:11:41,465 - INFO - Deriving AES key and IV...
2025-04-24 19:11:41,465 - DEBUG - msg_key               : 6d0c96c523b325f4dfb7d4bb42d8e63c
2025-04-24 19:11:41,465 - DEBUG - AES Key               : 983f3d66a55b124da5830b9750dc2766c7ea3a2f0062a782e93d4772e0cf0647
2025-04-24 19:11:41,465 - DEBUG - AES IV                : 4e04fd64accfc0bc70962159d2229757
2025-04-24 19:11:41,465 - INFO - Decrypting with AES-IGE...
2025-04-24 19:11:41,466 - DEBUG - Decrypted Data (hex)  : fa03bd42f1421e9d74f8cac7f5a55b0e7b2274657874223a202268656c6f222c202274696d65223a20313734353533393839302c20226d73675f6964223a20313734353533393839303132312c20227365715f6e6f223a20333230353030363137312c202273656e6465725f6964223a20322c2022726563697069656e745f6964223a20317d
2025-04-24 19:11:41,466 - DEBUG - Salt (hex)            : fa03bd42f1421e9d
2025-04-24 19:11:41,466 - DEBUG - Session ID (hex)      : 74f8cac7f5a55b0e
2025-04-24 19:11:41,466 - DEBUG - Payload JSON          :
{
    "text": "helo",
    "time": 1745539890,
    "msg_id": 1745539890121,
    "seq_no": 3205006171,
    "sender_id": 2,
    "recipient_id": 1
}
2025-04-24 19:11:41,466 - INFO - 游닓 Message received from 'jaideep'
2025-04-24 19:11:41,466 - INFO - ===== MTProto DECRYPTION FLOW END =====

2025-04-24 19:11:42,024 - INFO - ===== MTProto DECRYPTION FLOW START =====
2025-04-24 19:11:42,024 - INFO - 游닌 User 'srivatsa' is receiving a message...
2025-04-24 19:11:42,024 - DEBUG - Encrypted Blob Length : 144 bytes
2025-04-24 19:11:42,024 - DEBUG - Encrypted Blob (hex)  : f78b5fe75d88f41489706e54051be1e24daca3c418dd35a4f2549a9533e2007ba5799001bfa16cd27ae194728c959b0de5f1150bbfb56444f422f24b11d0743cca800b82bc246acb8622257c69791425484b0aef67df394f45c905238d27ac85e987534a43c75aa6be48e6ba0a8ebd77a410d3827e616224ed4eef64430ed17d5d1fe606c6b2f03041a64f1e78946802
2025-04-24 19:11:42,024 - INFO - Deriving AES key and IV...
2025-04-24 19:11:42,025 - DEBUG - msg_key               : 6d0c96c523b325f4dfb7d4bb42d8e63c
2025-04-24 19:11:42,025 - DEBUG - AES Key               : 983f3d66a55b124da5830b9750dc2766c7ea3a2f0062a782e93d4772e0cf0647
2025-04-24 19:11:42,025 - DEBUG - AES IV                : 4e04fd64accfc0bc70962159d2229757
2025-04-24 19:11:42,025 - INFO - Decrypting with AES-IGE...
2025-04-24 19:11:42,025 - DEBUG - Decrypted Data (hex)  : fa03bd42f1421e9d74f8cac7f5a55b0e7b2274657874223a202268656c6f222c202274696d65223a20313734353533393839302c20226d73675f6964223a20313734353533393839303132312c20227365715f6e6f223a20333230353030363137312c202273656e6465725f6964223a20322c2022726563697069656e745f6964223a20317d
2025-04-24 19:11:42,025 - DEBUG - Salt (hex)            : fa03bd42f1421e9d
2025-04-24 19:11:42,025 - DEBUG - Session ID (hex)      : 74f8cac7f5a55b0e
2025-04-24 19:11:42,025 - DEBUG - Payload JSON          :
{
    "text": "helo",
    "time": 1745539890,
    "msg_id": 1745539890121,
    "seq_no": 3205006171,
    "sender_id": 2,
    "recipient_id": 1
}
2025-04-24 19:11:42,025 - INFO - 游닓 Message received from 'jaideep'
2025-04-24 19:11:42,025 - INFO - ===== MTProto DECRYPTION FLOW END =====

2025-04-24 19:11:52,188 - INFO - ===== MTProto ENCRYPTION FLOW START =====
2025-04-24 19:11:52,189 - INFO - 游닋 User 'srivatsa' is sending a message to 'jaideep'
2025-04-24 19:11:52,189 - INFO - Message Content       : "Hi"
2025-04-24 19:11:52,189 - INFO - Sender ID             : 1
2025-04-24 19:11:52,189 - INFO - Recipient ID          : 2
2025-04-24 19:11:52,189 - INFO - Timestamp             : 2025-04-24 19:11:52
2025-04-24 19:11:52,189 - INFO - Msg ID                : 1745539912189
2025-04-24 19:11:52,189 - INFO - Seq No                : 1289970456
2025-04-24 19:11:52,189 - INFO - Deriving AES key and IV using msg_key + auth_key...
2025-04-24 19:11:52,189 - DEBUG - AES Key               : 39c5a4fc9387e5ba35abdfec6d9ea2cb0c2b2e11a699a1647254ea1adc4739f0
2025-04-24 19:11:52,189 - DEBUG - AES IV                : 98f7e5e550e5cd6c5ca8cced4c1bd34bab10ef65caf304b95fa17076f99a7239
2025-04-24 19:11:52,189 - INFO - Encrypting with AES-IGE...
2025-04-24 19:11:52,190 - DEBUG - Encrypted data: 2867ca1f80e76f1e341a637f89a301652ff88e048cf0b04f3059cf39e35af052e5b88748606d41491d2daef0dd0cea0b94cf99c84b7d94eed52b9e6a47281a666d686126dc75850950c813cda05271523cc66d465a240ee768cf4186bbe0329dafc36855b46e207e6da6b487447ff15718a578abac37afa597c347d9f88a4fd57f9301e16f31df62d0c717cd02f2ba63
2025-04-24 19:11:52,190 - DEBUG - Auth Key ID           : 173de9be9df63ef8ab9ff32c80dd3569d20076d8f795043c70f5af6c75fe5e77
2025-04-24 19:11:52,190 - DEBUG - msg_key               : d5f12d0691b13ddfb08282e77851ab5b
2025-04-24 19:11:52,190 - DEBUG - Salt (hex)            : 6cce5711f7acd303
2025-04-24 19:11:52,190 - DEBUG - Session ID (hex)      : d2a6dea0a97f01f0
2025-04-24 19:11:52,190 - DEBUG - Encrypted Payload     : 2867ca1f80e76f1e341a637f89a301652ff88e048cf0b04f3059cf39e35af052e5b88748606d41491d2daef0dd0cea0b94cf99c84b7d94eed52b9e6a47281a666d686126dc75850950c813cda05271523cc66d465a240ee768cf4186bbe0329dafc36855b46e207e6da6b487447ff15718a578abac37afa597c347d9f88a4fd57f9301e16f31df62d0c717cd02f2ba63 (144 bytes)
2025-04-24 19:11:52,190 - DEBUG - Encrypted (base64)    : KGfKH4Dnbx40GmN/iaMBZS/4jgSM8LBPMFnPOeNa8FLluIdIYG1BSR0trvDdDOoLlM+ZyEt9lO7VK55qRygaZm1oYSbcdYUJUMgTzaBScVI8xm1GWiQO52jPQYa74DKdr8NoVbRuIH5tprSHRH/xVxileKusN6+ll8NH2fiKT9V/kwHhbzHfYtDHF80C8rpj
2025-04-24 19:11:52,190 - INFO - ===== MTProto ENCRYPTION FLOW END =====

2025-04-24 19:12:03,187 - INFO - ===== MTProto DECRYPTION FLOW START =====
2025-04-24 19:12:03,187 - INFO - 游닌 User 'srivatsa' is receiving a message...
2025-04-24 19:12:03,188 - DEBUG - Encrypted Blob Length : 144 bytes
2025-04-24 19:12:03,188 - DEBUG - Encrypted Blob (hex)  : f78b5fe75d88f41489706e54051be1e24daca3c418dd35a4f2549a9533e2007ba5799001bfa16cd27ae194728c959b0de5f1150bbfb56444f422f24b11d0743cca800b82bc246acb8622257c69791425484b0aef67df394f45c905238d27ac85e987534a43c75aa6be48e6ba0a8ebd77a410d3827e616224ed4eef64430ed17d5d1fe606c6b2f03041a64f1e78946802
2025-04-24 19:12:03,188 - INFO - Deriving AES key and IV...
2025-04-24 19:12:03,188 - DEBUG - msg_key               : 6d0c96c523b325f4dfb7d4bb42d8e63c
2025-04-24 19:12:03,188 - DEBUG - AES Key               : 983f3d66a55b124da5830b9750dc2766c7ea3a2f0062a782e93d4772e0cf0647
2025-04-24 19:12:03,188 - DEBUG - AES IV                : 4e04fd64accfc0bc70962159d2229757
2025-04-24 19:12:03,188 - INFO - Decrypting with AES-IGE...
2025-04-24 19:12:03,188 - DEBUG - Decrypted Data (hex)  : fa03bd42f1421e9d74f8cac7f5a55b0e7b2274657874223a202268656c6f222c202274696d65223a20313734353533393839302c20226d73675f6964223a20313734353533393839303132312c20227365715f6e6f223a20333230353030363137312c202273656e6465725f6964223a20322c2022726563697069656e745f6964223a20317d
2025-04-24 19:12:03,188 - DEBUG - Salt (hex)            : fa03bd42f1421e9d
2025-04-24 19:12:03,188 - DEBUG - Session ID (hex)      : 74f8cac7f5a55b0e
2025-04-24 19:12:03,188 - DEBUG - Payload JSON          :
{
    "text": "helo",
    "time": 1745539890,
    "msg_id": 1745539890121,
    "seq_no": 3205006171,
    "sender_id": 2,
    "recipient_id": 1
}
2025-04-24 19:12:03,188 - INFO - 游닓 Message received from 'jaideep'
2025-04-24 19:12:03,188 - INFO - ===== MTProto DECRYPTION FLOW END =====

2025-04-24 19:12:30,568 - INFO - ===== MTProto DECRYPTION FLOW START =====
2025-04-24 19:12:30,568 - INFO - 游닌 User 'srivatsa' is receiving a message...
2025-04-24 19:12:30,568 - DEBUG - Encrypted Blob Length : 144 bytes
2025-04-24 19:12:30,568 - DEBUG - Encrypted Blob (hex)  : f78b5fe75d88f41489706e54051be1e24daca3c418dd35a4f2549a9533e2007ba5799001bfa16cd27ae194728c959b0de5f1150bbfb56444f422f24b11d0743cca800b82bc246acb8622257c69791425484b0aef67df394f45c905238d27ac85e987534a43c75aa6be48e6ba0a8ebd77a410d3827e616224ed4eef64430ed17d5d1fe606c6b2f03041a64f1e78946802
2025-04-24 19:12:30,568 - INFO - Deriving AES key and IV...
2025-04-24 19:12:30,568 - DEBUG - msg_key               : 6d0c96c523b325f4dfb7d4bb42d8e63c
2025-04-24 19:12:30,568 - DEBUG - AES Key               : 983f3d66a55b124da5830b9750dc2766c7ea3a2f0062a782e93d4772e0cf0647
2025-04-24 19:12:30,568 - DEBUG - AES IV                : 4e04fd64accfc0bc70962159d2229757
2025-04-24 19:12:30,568 - INFO - Decrypting with AES-IGE...
2025-04-24 19:12:30,568 - DEBUG - Decrypted Data (hex)  : fa03bd42f1421e9d74f8cac7f5a55b0e7b2274657874223a202268656c6f222c202274696d65223a20313734353533393839302c20226d73675f6964223a20313734353533393839303132312c20227365715f6e6f223a20333230353030363137312c202273656e6465725f6964223a20322c2022726563697069656e745f6964223a20317d
2025-04-24 19:12:30,568 - DEBUG - Salt (hex)            : fa03bd42f1421e9d
2025-04-24 19:12:30,568 - DEBUG - Session ID (hex)      : 74f8cac7f5a55b0e
2025-04-24 19:12:30,568 - DEBUG - Payload JSON          :
{
    "text": "helo",
    "time": 1745539890,
    "msg_id": 1745539890121,
    "seq_no": 3205006171,
    "sender_id": 2,
    "recipient_id": 1
}
2025-04-24 19:12:30,568 - INFO - 游닓 Message received from 'jaideep'
2025-04-24 19:12:30,568 - INFO - ===== MTProto DECRYPTION FLOW END =====

2025-04-24 19:12:32,395 - INFO - ===== MTProto DECRYPTION FLOW START =====
2025-04-24 19:12:32,395 - INFO - 游닌 User 'srivatsa' is receiving a message...
2025-04-24 19:12:32,395 - DEBUG - Encrypted Blob Length : 144 bytes
2025-04-24 19:12:32,395 - DEBUG - Encrypted Blob (hex)  : f78b5fe75d88f41489706e54051be1e24daca3c418dd35a4f2549a9533e2007ba5799001bfa16cd27ae194728c959b0de5f1150bbfb56444f422f24b11d0743cca800b82bc246acb8622257c69791425484b0aef67df394f45c905238d27ac85e987534a43c75aa6be48e6ba0a8ebd77a410d3827e616224ed4eef64430ed17d5d1fe606c6b2f03041a64f1e78946802
2025-04-24 19:12:32,395 - INFO - Deriving AES key and IV...
2025-04-24 19:12:32,395 - DEBUG - msg_key               : 6d0c96c523b325f4dfb7d4bb42d8e63c
2025-04-24 19:12:32,395 - DEBUG - AES Key               : 983f3d66a55b124da5830b9750dc2766c7ea3a2f0062a782e93d4772e0cf0647
2025-04-24 19:12:32,395 - DEBUG - AES IV                : 4e04fd64accfc0bc70962159d2229757
2025-04-24 19:12:32,395 - INFO - Decrypting with AES-IGE...
2025-04-24 19:12:32,395 - DEBUG - Decrypted Data (hex)  : fa03bd42f1421e9d74f8cac7f5a55b0e7b2274657874223a202268656c6f222c202274696d65223a20313734353533393839302c20226d73675f6964223a20313734353533393839303132312c20227365715f6e6f223a20333230353030363137312c202273656e6465725f6964223a20322c2022726563697069656e745f6964223a20317d
2025-04-24 19:12:32,395 - DEBUG - Salt (hex)            : fa03bd42f1421e9d
2025-04-24 19:12:32,395 - DEBUG - Session ID (hex)      : 74f8cac7f5a55b0e
2025-04-24 19:12:32,395 - DEBUG - Payload JSON          :
{
    "text": "helo",
    "time": 1745539890,
    "msg_id": 1745539890121,
    "seq_no": 3205006171,
    "sender_id": 2,
    "recipient_id": 1
}
2025-04-24 19:12:32,395 - INFO - 游닓 Message received from 'jaideep'
2025-04-24 19:12:32,395 - INFO - ===== MTProto DECRYPTION FLOW END =====

2025-04-24 19:12:44,795 - INFO - ===== MTProto ENCRYPTION FLOW START =====
2025-04-24 19:12:44,795 - INFO - 游닋 User 'srivatsa' is sending a message to 'jaideep'
2025-04-24 19:12:44,795 - INFO - Message Content       : "Hi"
2025-04-24 19:12:44,795 - INFO - Sender ID             : 1
2025-04-24 19:12:44,795 - INFO - Recipient ID          : 2
2025-04-24 19:12:44,796 - INFO - Timestamp             : 2025-04-24 19:12:44
2025-04-24 19:12:44,796 - INFO - Msg ID                : 1745539964795
2025-04-24 19:12:44,796 - INFO - Seq No                : 4000956079
2025-04-24 19:12:44,796 - INFO - Deriving AES key and IV using msg_key + auth_key...
2025-04-24 19:12:44,796 - DEBUG - AES Key               : c0dd7ad7de49d1b3c3af2c3cd014b8b969672b336026afb81d2c2b5750816bcc
2025-04-24 19:12:44,796 - DEBUG - AES IV                : f993a4c52b5755dc1e1a998d75162e64db97ff42d0fd36bdbaa9abd7fae2c504
2025-04-24 19:12:44,796 - INFO - Encrypting with AES-IGE...
2025-04-24 19:12:44,796 - DEBUG - Encrypted data: ee66e0d5051a6c4953d1995403d04e9e83fe8ba3814f9ed6a485717cd1fa7296a47d8f4b0c39f9bc1ca2a81f1dc90e5e10c3fbc21f74a315a75486c52ee44b8427f3b35eec725c3628ba4a52f03a4b309743a8b0c7efed8714b826b863b4251f883d58c0d2bf6217a129617ad9c23bfe3db37df985108750c1a082a8add713603dfbd4a319363a1f9d7fa8a26d78b3b9
2025-04-24 19:12:44,796 - DEBUG - Auth Key ID           : 173de9be9df63ef8ab9ff32c80dd3569d20076d8f795043c70f5af6c75fe5e77
2025-04-24 19:12:44,797 - DEBUG - msg_key               : 80a954014fbb292c2783df9535259ef2
2025-04-24 19:12:44,797 - DEBUG - Salt (hex)            : 40665b345d7010bf
2025-04-24 19:12:44,797 - DEBUG - Session ID (hex)      : da33830382c8e867
2025-04-24 19:12:44,797 - DEBUG - Encrypted Payload     : ee66e0d5051a6c4953d1995403d04e9e83fe8ba3814f9ed6a485717cd1fa7296a47d8f4b0c39f9bc1ca2a81f1dc90e5e10c3fbc21f74a315a75486c52ee44b8427f3b35eec725c3628ba4a52f03a4b309743a8b0c7efed8714b826b863b4251f883d58c0d2bf6217a129617ad9c23bfe3db37df985108750c1a082a8add713603dfbd4a319363a1f9d7fa8a26d78b3b9 (144 bytes)
2025-04-24 19:12:44,797 - DEBUG - Encrypted (base64)    : 7mbg1QUabElT0ZlUA9BOnoP+i6OBT57WpIVxfNH6cpakfY9LDDn5vByiqB8dyQ5eEMP7wh90oxWnVIbFLuRLhCfzs17sclw2KLpKUvA6SzCXQ6iwx+/thxS4JrhjtCUfiD1YwNK/YhehKWF62cI7/j2zffmFEIdQwaCCqK3XE2A9+9SjGTY6H51/qKJteLO5
2025-04-24 19:12:44,797 - INFO - ===== MTProto ENCRYPTION FLOW END =====

2025-04-25 15:47:41,076 - INFO - ===== MTProto DECRYPTION FLOW START =====
2025-04-25 15:47:41,077 - INFO - 游닌 User 'srivatsa' is receiving a message...
2025-04-25 15:47:41,077 - DEBUG - Encrypted Blob Length : 144 bytes
2025-04-25 15:47:41,077 - DEBUG - Encrypted Blob (hex)  : f78b5fe75d88f41489706e54051be1e24daca3c418dd35a4f2549a9533e2007ba5799001bfa16cd27ae194728c959b0de5f1150bbfb56444f422f24b11d0743cca800b82bc246acb8622257c69791425484b0aef67df394f45c905238d27ac85e987534a43c75aa6be48e6ba0a8ebd77a410d3827e616224ed4eef64430ed17d5d1fe606c6b2f03041a64f1e78946802
2025-04-25 15:47:41,077 - INFO - Deriving AES key and IV...
2025-04-25 15:47:41,077 - DEBUG - msg_key               : 6d0c96c523b325f4dfb7d4bb42d8e63c
2025-04-25 15:47:41,077 - DEBUG - AES Key               : 983f3d66a55b124da5830b9750dc2766c7ea3a2f0062a782e93d4772e0cf0647
2025-04-25 15:47:41,077 - DEBUG - AES IV                : 4e04fd64accfc0bc70962159d2229757
2025-04-25 15:47:41,077 - INFO - Decrypting with AES-IGE...
2025-04-25 15:47:41,077 - DEBUG - Decrypted Data (hex)  : fa03bd42f1421e9d74f8cac7f5a55b0e7b2274657874223a202268656c6f222c202274696d65223a20313734353533393839302c20226d73675f6964223a20313734353533393839303132312c20227365715f6e6f223a20333230353030363137312c202273656e6465725f6964223a20322c2022726563697069656e745f6964223a20317d
2025-04-25 15:47:41,077 - DEBUG - Salt (hex)            : fa03bd42f1421e9d
2025-04-25 15:47:41,077 - DEBUG - Session ID (hex)      : 74f8cac7f5a55b0e
2025-04-25 15:47:41,077 - DEBUG - Payload JSON          :
{
    "text": "helo",
    "time": 1745539890,
    "msg_id": 1745539890121,
    "seq_no": 3205006171,
    "sender_id": 2,
    "recipient_id": 1
}
2025-04-25 15:47:41,077 - INFO - 游닓 Message received from 'jaideep'
2025-04-25 15:47:41,077 - INFO - ===== MTProto DECRYPTION FLOW END =====

2025-04-25 15:47:46,348 - INFO - ===== MTProto ENCRYPTION FLOW START =====
2025-04-25 15:47:46,348 - INFO - 游닋 User 'srivatsa' is sending a message to 'jaideep'
2025-04-25 15:47:46,348 - INFO - Message Content       : "hira "
2025-04-25 15:47:46,348 - INFO - Sender ID             : 1
2025-04-25 15:47:46,348 - INFO - Recipient ID          : 2
2025-04-25 15:47:46,348 - INFO - Timestamp             : 2025-04-25 15:47:46
2025-04-25 15:47:46,348 - INFO - Msg ID                : 1745614066348
2025-04-25 15:47:46,348 - INFO - Seq No                : 2612618613
2025-04-25 15:47:46,348 - INFO - Deriving AES key and IV using msg_key + auth_key...
2025-04-25 15:47:46,348 - DEBUG - AES Key               : 26f470e234def9b4e9cb99eee436af76f139bb254228636465d60d52c8bf062b
2025-04-25 15:47:46,348 - DEBUG - AES IV                : 33e4fa47dcb0a56a71d355553a0968cf5d8a7c879cd80e12ea815627fc819122
2025-04-25 15:47:46,348 - INFO - Encrypting with AES-IGE...
2025-04-25 15:47:46,349 - DEBUG - Encrypted data: 1fcc4fec50034264de54f039705abb8f6917de62331ada310d7cadfeafccd9602e7c44af16501f6731e6c8b3a3d2372d81b5ee1710840f1f745c7a98a6278cbc76fe5c039671cbf501e0d086de58ddc5af79adba39140011937ebcc6ef4cdb99bbfcd68fb5133d0736e9b63fc018b80bf058fdc825a3ba285bd7bb5e6cc629ef8fafa8c884d39e6c59b98d2ea4f12325
2025-04-25 15:47:46,349 - DEBUG - Auth Key ID           : 173de9be9df63ef8ab9ff32c80dd3569d20076d8f795043c70f5af6c75fe5e77
2025-04-25 15:47:46,349 - DEBUG - msg_key               : e5c23dda19f03e630be158224fb3832c
2025-04-25 15:47:46,349 - DEBUG - Salt (hex)            : 53db298c2a465274
2025-04-25 15:47:46,349 - DEBUG - Session ID (hex)      : 385bf40060cabdc2
2025-04-25 15:47:46,349 - DEBUG - Encrypted Payload     : 1fcc4fec50034264de54f039705abb8f6917de62331ada310d7cadfeafccd9602e7c44af16501f6731e6c8b3a3d2372d81b5ee1710840f1f745c7a98a6278cbc76fe5c039671cbf501e0d086de58ddc5af79adba39140011937ebcc6ef4cdb99bbfcd68fb5133d0736e9b63fc018b80bf058fdc825a3ba285bd7bb5e6cc629ef8fafa8c884d39e6c59b98d2ea4f12325 (144 bytes)
2025-04-25 15:47:46,349 - DEBUG - Encrypted (base64)    : H8xP7FADQmTeVPA5cFq7j2kX3mIzGtoxDXyt/q/M2WAufESvFlAfZzHmyLOj0jctgbXuFxCEDx90XHqYpieMvHb+XAOWccv1AeDQht5Y3cWvea26ORQAEZN+vMbvTNuZu/zWj7UTPQc26bY/wBi4C/BY/cglo7ooW9e7XmzGKe+Pr6jIhNOebFm5jS6k8SMl
2025-04-25 15:47:46,349 - INFO - ===== MTProto ENCRYPTION FLOW END =====

2025-04-25 15:47:55,398 - INFO - ===== MTProto DECRYPTION FLOW START =====
2025-04-25 15:47:55,398 - INFO - 游닌 User 'srivatsa' is receiving a message...
2025-04-25 15:47:55,398 - DEBUG - Encrypted Blob Length : 144 bytes
2025-04-25 15:47:55,398 - DEBUG - Encrypted Blob (hex)  : 698d7938c1a4df37496daaf0bf384b8cfaba3b36d436c624954bb284a0ee2753cc37e44c1de219149b8308ea6e8c5a22d79c76d5c2755df1696268d6d09ed64d24af7162f4dfae7be9307749fe275b6782721348fdefcc5d06c598cf007e493a10ebcf0385f8ee075154ff1a3a18f57cbe4eadaabf85f43fe67e665feead0134094573e9e8964159a5faa45f576b4f93
2025-04-25 15:47:55,398 - INFO - Deriving AES key and IV...
2025-04-25 15:47:55,398 - DEBUG - msg_key               : dd75fb1ebdfa9df1080d2f22911c22eb
2025-04-25 15:47:55,398 - DEBUG - AES Key               : f1665895145f17e4e4aa563d6e81312a508581349ada39602cea25893ac967e2
2025-04-25 15:47:55,398 - DEBUG - AES IV                : 027f392b8222bc518e938a2b0cb6ac0f
2025-04-25 15:47:55,398 - INFO - Decrypting with AES-IGE...
2025-04-25 15:47:55,398 - DEBUG - Decrypted Data (hex)  : 30bf53354525a3b20fa89c54b34199e17b2274657874223a202268656c6c6f6f6f222c202274696d65223a20313734353631343037352c20226d73675f6964223a20313734353631343037353338322c20227365715f6e6f223a203839343936313430362c202273656e6465725f6964223a20322c2022726563697069656e745f6964223a20317d
2025-04-25 15:47:55,398 - DEBUG - Salt (hex)            : 30bf53354525a3b2
2025-04-25 15:47:55,398 - DEBUG - Session ID (hex)      : 0fa89c54b34199e1
2025-04-25 15:47:55,398 - DEBUG - Payload JSON          :
{
    "text": "hellooo",
    "time": 1745614075,
    "msg_id": 1745614075382,
    "seq_no": 894961406,
    "sender_id": 2,
    "recipient_id": 1
}
2025-04-25 15:47:55,399 - INFO - 游닓 Message received from 'jaideep'
2025-04-25 15:47:55,399 - INFO - ===== MTProto DECRYPTION FLOW END =====

2025-04-25 15:48:05,233 - INFO - ===== MTProto ENCRYPTION FLOW START =====
2025-04-25 15:48:05,234 - INFO - 游닋 User 'srivatsa' is sending a message to 'jaideep'
2025-04-25 15:48:05,234 - INFO - Message Content       : "hello"
2025-04-25 15:48:05,234 - INFO - Sender ID             : 1
2025-04-25 15:48:05,234 - INFO - Recipient ID          : 2
2025-04-25 15:48:05,235 - INFO - Timestamp             : 2025-04-25 15:48:05
2025-04-25 15:48:05,236 - INFO - Msg ID                : 1745614085234
2025-04-25 15:48:05,238 - INFO - Seq No                : 2306460437
2025-04-25 15:48:05,240 - INFO - Deriving AES key and IV using msg_key + auth_key...
2025-04-25 15:48:05,241 - DEBUG - AES Key               : 41e849403bdef931825eac9360dddf00ba8c3f418e7f08570d21f7e31dccc314
2025-04-25 15:48:05,245 - DEBUG - AES IV                : 354507936dd768ef6fc875ee6cbc1edd3e888f2471517c74f8670ac782541d95
2025-04-25 15:48:05,245 - INFO - Encrypting with AES-IGE...
2025-04-25 15:48:05,247 - DEBUG - Encrypted data: a3a83b46d238ed650d63dd4c8532a2ba19b8576ecb9d30980b3136d47ea8423793703dec3e75610645a16603cce00bd48df223898a1d31aabb08648b5d61f348780345cadd221ffacb0fc45b9d137d5a455711bf4ff79b5715905d4cd6be097bab6e770d1ba8fd4fc7800b564b35dea0eee57421b3880acd326418786a250440dfad153147f1044cb9eaf0d431bed718
2025-04-25 15:48:05,247 - DEBUG - Auth Key ID           : 173de9be9df63ef8ab9ff32c80dd3569d20076d8f795043c70f5af6c75fe5e77
2025-04-25 15:48:05,247 - DEBUG - msg_key               : 81b866c60d7685566e3e4260de3cf195
2025-04-25 15:48:05,247 - DEBUG - Salt (hex)            : 26c25a6012c9e23a
2025-04-25 15:48:05,248 - DEBUG - Session ID (hex)      : 0b00e71019a6cc71
2025-04-25 15:48:05,248 - DEBUG - Encrypted Payload     : a3a83b46d238ed650d63dd4c8532a2ba19b8576ecb9d30980b3136d47ea8423793703dec3e75610645a16603cce00bd48df223898a1d31aabb08648b5d61f348780345cadd221ffacb0fc45b9d137d5a455711bf4ff79b5715905d4cd6be097bab6e770d1ba8fd4fc7800b564b35dea0eee57421b3880acd326418786a250440dfad153147f1044cb9eaf0d431bed718 (144 bytes)
2025-04-25 15:48:05,248 - DEBUG - Encrypted (base64)    : o6g7RtI47WUNY91MhTKiuhm4V27LnTCYCzE21H6oQjeTcD3sPnVhBkWhZgPM4AvUjfIjiYodMaq7CGSLXWHzSHgDRcrdIh/6yw/EW50TfVpFVxG/T/ebVxWQXUzWvgl7q253DRuo/U/HgAtWSzXeoO7ldCGziArNMmQYeGolBEDfrRUxR/EETLnq8NQxvtcY
2025-04-25 15:48:05,248 - INFO - ===== MTProto ENCRYPTION FLOW END =====

