2025-04-28 23:54:36,128 - INFO - Deriving AES key and IV using msg_key + auth_key...
2025-04-28 23:54:36,129 - DEBUG - AES Key               : b1246c7ca5719a61587281086f493867a3fb4019c7a983bdf038d4db45a3192c
2025-04-28 23:54:36,129 - DEBUG - AES IV                : 2bdff54f4c63984b76fd16ddf0d1386eedb2f392032dc1b425d38a037d05a1a5
2025-04-28 23:54:36,129 - INFO - Decrypting with AES-IGE...
2025-04-28 23:54:36,129 - DEBUG - Decrypted data: 23012acada639fb4d0bd0b984532c6fa7b2274657874223a2022486920726120222c202274696d65223a20313734353930323437362c20226d73675f6964223a20313734353930323437363131382c20227365715f6e6f223a20323936383136333932372c202273656e6465725f6964223a20322c2022726563697069656e745f6964223a20317d
2025-04-28 23:54:43,117 - INFO - Deriving AES key and IV using msg_key + auth_key...
2025-04-28 23:54:43,117 - DEBUG - AES Key               : ec6c6862195af9745572e33e728238e3b4938cfa3c85dfd6b6168099639a547a
2025-04-28 23:54:43,117 - DEBUG - AES IV                : daf4b99dd6b311fc10e52f4c103f4d0dba2ba726302618705bfc85f554d1eec0
2025-04-28 23:54:43,117 - INFO - Decrypting with AES-IGE...
2025-04-28 23:54:43,117 - DEBUG - Decrypted data: 5055c38d793facd7ff8a69e88332718e7b2274657874223a202248656c6c6f2042726f202121222c202274696d65223a20313734353930323438332c20226d73675f6964223a20313734353930323438333131302c20227365715f6e6f223a20333432303931323332382c202273656e6465725f6964223a20312c2022726563697069656e745f6964223a20327d
2025-04-28 23:54:56,409 - INFO - Deriving AES key and IV using msg_key + auth_key...
2025-04-28 23:54:56,410 - DEBUG - AES Key               : 639475e859978dd17cc8c2cb8ba55d7b4cc3e51d461961a3279821449e41a1b6
2025-04-28 23:54:56,410 - DEBUG - AES IV                : 1d2600d5579cf68b522b8c682f26b54c5ba4d175e7c6c52e5dbd62f4f6304945
2025-04-28 23:54:56,410 - INFO - Decrypting with AES-IGE...
2025-04-28 23:54:56,410 - DEBUG - Decrypted data: aea1b091c6f64c8e3752b5598c05e5517b2274657874223a2022576173757570203f222c202274696d65223a20313734353930323439362c20226d73675f6964223a20313734353930323439363430322c20227365715f6e6f223a20343235353939333934362c202273656e6465725f6964223a20322c2022726563697069656e745f6964223a20317d
2025-04-28 23:55:01,998 - INFO - Deriving AES key and IV using msg_key + auth_key...
2025-04-28 23:55:01,998 - DEBUG - AES Key               : 261918d4a2264ff058295def964a0f514f5d5e8d528c09df616082d63dc13a3b
2025-04-28 23:55:01,998 - DEBUG - AES IV                : e9a33d1cc20634a48a1b1ec1ae4fb11525fe66471fd97a740cfbdaf943e88cc9
2025-04-28 23:55:01,998 - INFO - Decrypting with AES-IGE...
2025-04-28 23:55:01,998 - DEBUG - Decrypted data: 137f4867581a51f083d71059941555bb7b2274657874223a20224e6f7468696e672042726f222c202274696d65223a20313734353930323530312c20226d73675f6964223a20313734353930323530313939322c20227365715f6e6f223a203939353033313039312c202273656e6465725f6964223a20312c2022726563697069656e745f6964223a20327d
